

Started GET "/" for ::1 at 2016-01-30 12:34:43 -0500

ActiveRecord::PendingMigrationError (

Migrations are pending. To resolve this issue, run:

	bin/rake db:migrate RAILS_ENV=development

):
  vendor/ruby/2.2.0/gems/activerecord-4.2.3/lib/active_record/migration.rb:392:in `check_pending!'
  vendor/ruby/2.2.0/gems/activerecord-4.2.3/lib/active_record/migration.rb:373:in `call'
  vendor/ruby/2.2.0/gems/actionpack-4.2.3/lib/action_dispatch/middleware/callbacks.rb:29:in `block in call'
  vendor/ruby/2.2.0/gems/activesupport-4.2.3/lib/active_support/callbacks.rb:84:in `run_callbacks'
  vendor/ruby/2.2.0/gems/actionpack-4.2.3/lib/action_dispatch/middleware/callbacks.rb:27:in `call'
  vendor/ruby/2.2.0/gems/actionpack-4.2.3/lib/action_dispatch/middleware/reloader.rb:73:in `call'
  vendor/ruby/2.2.0/gems/actionpack-4.2.3/lib/action_dispatch/middleware/remote_ip.rb:78:in `call'
  vendor/ruby/2.2.0/gems/actionpack-4.2.3/lib/action_dispatch/middleware/debug_exceptions.rb:17:in `call'
  vendor/ruby/2.2.0/gems/web-console-2.2.1/lib/web_console/middleware.rb:39:in `call'
  vendor/ruby/2.2.0/gems/actionpack-4.2.3/lib/action_dispatch/middleware/show_exceptions.rb:30:in `call'
  vendor/ruby/2.2.0/gems/railties-4.2.3/lib/rails/rack/logger.rb:38:in `call_app'
  vendor/ruby/2.2.0/gems/railties-4.2.3/lib/rails/rack/logger.rb:20:in `block in call'
  vendor/ruby/2.2.0/gems/activesupport-4.2.3/lib/active_support/tagged_logging.rb:68:in `block in tagged'
  vendor/ruby/2.2.0/gems/activesupport-4.2.3/lib/active_support/tagged_logging.rb:26:in `tagged'
  vendor/ruby/2.2.0/gems/activesupport-4.2.3/lib/active_support/tagged_logging.rb:68:in `tagged'
  vendor/ruby/2.2.0/gems/railties-4.2.3/lib/rails/rack/logger.rb:20:in `call'
  vendor/ruby/2.2.0/gems/actionpack-4.2.3/lib/action_dispatch/middleware/request_id.rb:21:in `call'
  vendor/ruby/2.2.0/gems/rack-1.6.4/lib/rack/methodoverride.rb:22:in `call'
  vendor/ruby/2.2.0/gems/rack-1.6.4/lib/rack/runtime.rb:18:in `call'
  vendor/ruby/2.2.0/gems/activesupport-4.2.3/lib/active_support/cache/strategy/local_cache_middleware.rb:28:in `call'
  vendor/ruby/2.2.0/gems/rack-1.6.4/lib/rack/lock.rb:17:in `call'
  vendor/ruby/2.2.0/gems/actionpack-4.2.3/lib/action_dispatch/middleware/static.rb:116:in `call'
  vendor/ruby/2.2.0/gems/rack-1.6.4/lib/rack/sendfile.rb:113:in `call'
  vendor/ruby/2.2.0/gems/railties-4.2.3/lib/rails/engine.rb:518:in `call'
  vendor/ruby/2.2.0/gems/railties-4.2.3/lib/rails/application.rb:165:in `call'
  vendor/ruby/2.2.0/gems/rack-1.6.4/lib/rack/lock.rb:17:in `call'
  vendor/ruby/2.2.0/gems/rack-1.6.4/lib/rack/content_length.rb:15:in `call'
  vendor/ruby/2.2.0/gems/rack-1.6.4/lib/rack/handler/webrick.rb:88:in `service'
  /Users/robert.lan/.rvm/rubies/ruby-2.2.2/lib/ruby/2.2.0/webrick/httpserver.rb:138:in `service'
  /Users/robert.lan/.rvm/rubies/ruby-2.2.2/lib/ruby/2.2.0/webrick/httpserver.rb:94:in `run'
  /Users/robert.lan/.rvm/rubies/ruby-2.2.2/lib/ruby/2.2.0/webrick/server.rb:294:in `block in start_thread'


  Rendered vendor/ruby/2.2.0/gems/actionpack-4.2.3/lib/action_dispatch/middleware/templates/rescues/_source.erb (1.6ms)
  Rendered vendor/ruby/2.2.0/gems/actionpack-4.2.3/lib/action_dispatch/middleware/templates/rescues/_trace.html.erb (1.0ms)
  Rendered vendor/ruby/2.2.0/gems/actionpack-4.2.3/lib/action_dispatch/middleware/templates/rescues/_request_and_response.html.erb (0.6ms)
  Rendered vendor/ruby/2.2.0/gems/actionpack-4.2.3/lib/action_dispatch/middleware/templates/rescues/diagnostics.html.erb within rescues/layout (40.7ms)
  Rendered vendor/ruby/2.2.0/gems/web-console-2.2.1/lib/web_console/templates/_markup.html.erb (0.3ms)
  Rendered vendor/ruby/2.2.0/gems/web-console-2.2.1/lib/web_console/templates/_inner_console_markup.html.erb within layouts/inlined_string (0.3ms)
  Rendered vendor/ruby/2.2.0/gems/web-console-2.2.1/lib/web_console/templates/_prompt_box_markup.html.erb within layouts/inlined_string (0.3ms)
  Rendered vendor/ruby/2.2.0/gems/web-console-2.2.1/lib/web_console/templates/style.css.erb within layouts/inlined_string (0.2ms)
  Rendered vendor/ruby/2.2.0/gems/web-console-2.2.1/lib/web_console/templates/console.js.erb within layouts/javascript (40.0ms)
  Rendered vendor/ruby/2.2.0/gems/web-console-2.2.1/lib/web_console/templates/main.js.erb within layouts/javascript (0.2ms)
  Rendered vendor/ruby/2.2.0/gems/web-console-2.2.1/lib/web_console/templates/error_page.js.erb within layouts/javascript (0.4ms)
  Rendered vendor/ruby/2.2.0/gems/web-console-2.2.1/lib/web_console/templates/index.html.erb (88.9ms)
  [1m[36m (6.2ms)[0m  [1mCREATE TABLE "schema_migrations" ("version" varchar NOT NULL) [0m
  [1m[35m (0.1ms)[0m  select sqlite_version(*)
  [1m[36m (3.0ms)[0m  [1mCREATE UNIQUE INDEX "unique_schema_migrations" ON "schema_migrations" ("version")[0m
  [1m[35mActiveRecord::SchemaMigration Load (0.1ms)[0m  SELECT "schema_migrations".* FROM "schema_migrations"
Migrating to DeviseCreateUsers (20151119003939)
  [1m[36m (0.0ms)[0m  [1mbegin transaction[0m
  [1m[35m (0.3ms)[0m  CREATE TABLE "users" ("id" INTEGER PRIMARY KEY AUTOINCREMENT NOT NULL, "email" varchar DEFAULT '' NOT NULL, "encrypted_password" varchar DEFAULT '' NOT NULL, "reset_password_token" varchar, "reset_password_sent_at" datetime, "remember_created_at" datetime, "sign_in_count" integer DEFAULT 0 NOT NULL, "current_sign_in_at" datetime, "last_sign_in_at" datetime, "current_sign_in_ip" varchar, "last_sign_in_ip" varchar, "created_at" datetime NOT NULL, "updated_at" datetime NOT NULL) 
  [1m[36m (0.2ms)[0m  [1mCREATE UNIQUE INDEX "index_users_on_email" ON "users" ("email")[0m
  [1m[35m (0.1ms)[0m              SELECT sql
            FROM sqlite_master
            WHERE name='index_users_on_email' AND type='index'
            UNION ALL
            SELECT sql
            FROM sqlite_temp_master
            WHERE name='index_users_on_email' AND type='index'

  [1m[36m (0.1ms)[0m  [1mCREATE UNIQUE INDEX "index_users_on_reset_password_token" ON "users" ("reset_password_token")[0m
  [1m[35mSQL (0.1ms)[0m  INSERT INTO "schema_migrations" ("version") VALUES (?)  [["version", "20151119003939"]]
  [1m[36m (3.7ms)[0m  [1mcommit transaction[0m
  [1m[35mActiveRecord::SchemaMigration Load (0.1ms)[0m  SELECT "schema_migrations".* FROM "schema_migrations"
  [1m[36m (0.1ms)[0m  [1m            SELECT sql
            FROM sqlite_master
            WHERE name='index_users_on_reset_password_token' AND type='index'
            UNION ALL
            SELECT sql
            FROM sqlite_temp_master
            WHERE name='index_users_on_reset_password_token' AND type='index'
[0m
  [1m[35m (0.1ms)[0m              SELECT sql
            FROM sqlite_master
            WHERE name='index_users_on_email' AND type='index'
            UNION ALL
            SELECT sql
            FROM sqlite_temp_master
            WHERE name='index_users_on_email' AND type='index'



Started GET "/" for ::1 at 2016-01-30 12:35:02 -0500
  [1m[36mActiveRecord::SchemaMigration Load (0.1ms)[0m  [1mSELECT "schema_migrations".* FROM "schema_migrations"[0m
Processing by HomeController#index as HTML
  [1m[35mUser Load (0.1ms)[0m  SELECT  "users".* FROM "users" WHERE "users"."id" = ?  ORDER BY "users"."id" ASC LIMIT 1  [["id", 1]]
Completed 401 Unauthorized in 14ms (ActiveRecord: 0.4ms)


Started GET "/users/sign_in" for ::1 at 2016-01-30 12:35:02 -0500
Processing by Devise::SessionsController#new as HTML
  Rendered vendor/ruby/2.2.0/gems/devise-bootstrap-views-0.0.6/app/views/devise/shared/_links.html.erb (1.0ms)
  Rendered vendor/ruby/2.2.0/gems/devise-bootstrap-views-0.0.6/app/views/devise/sessions/new.html.erb within layouts/application (15.2ms)
  Rendered layouts/_header.html.erb (1.8ms)
Completed 200 OK in 1087ms (Views: 1077.5ms | ActiveRecord: 0.0ms)


Started GET "/assets/devise_bootstrap_views.self-82a7157e1d24f13e5cfd5da26beb65ce55eace25f325f0e4036d006f18f7eef0.css?body=1" for ::1 at 2016-01-30 12:35:04 -0500


Started GET "/assets/jquery_ujs.self-d456baa54c1fa6be2ec3711f0a72ddf7a5b2f34a6b4f515f33767d6207b7d4b3.js?body=1" for ::1 at 2016-01-30 12:35:04 -0500


Started GET "/assets/application.self-d885a0a66bd595c10edb24f8879f94e334d88be0730c4d7c7a7b57c731c09037.css?body=1" for ::1 at 2016-01-30 12:35:04 -0500


Started GET "/assets/application.self-3b8dabdc891efe46b9a144b400ad69e37d7e5876bdc39dee783419a69d7ca819.js?body=1" for ::1 at 2016-01-30 12:35:04 -0500


Started GET "/assets/jquery.self-a714331225dda820228db323939889f149aec0127aeb06255646b616ba1ca419.js?body=1" for ::1 at 2016-01-30 12:35:04 -0500


Started GET "/assets/turbolinks.self-c37727e9bd6b2735da5c311aa83fead54ed0be6cc8bd9a65309e9c5abe2cbfff.js?body=1" for ::1 at 2016-01-30 12:35:04 -0500


Started GET "/users/sign_up" for ::1 at 2016-01-30 12:35:08 -0500
Processing by Devise::RegistrationsController#new as HTML
  Rendered vendor/ruby/2.2.0/gems/devise-bootstrap-views-0.0.6/app/views/devise/shared/_links.html.erb (0.8ms)
  Rendered vendor/ruby/2.2.0/gems/devise-bootstrap-views-0.0.6/app/views/devise/registrations/new.html.erb within layouts/application (4.8ms)
  Rendered layouts/_header.html.erb (0.3ms)
Completed 200 OK in 36ms (Views: 35.5ms | ActiveRecord: 0.0ms)


Started POST "/users" for ::1 at 2016-01-30 12:35:15 -0500
Processing by Devise::RegistrationsController#create as HTML
  Parameters: {"utf8"=>"✓", "authenticity_token"=>"8XkGisblFoKqoZ0wi1EkVTffKRJJrJLBWfBFYsfj4dcvY3SLDQGvjS2y6d/PLdL3TSedbUHefAnEmA58PYOKcQ==", "user"=>{"email"=>"rob.c.lan@gmail.com", "password"=>"[FILTERED]", "password_confirmation"=>"[FILTERED]"}, "commit"=>"Sign up"}
  [1m[36m (0.1ms)[0m  [1mbegin transaction[0m
  [1m[35mUser Exists (0.1ms)[0m  SELECT  1 AS one FROM "users" WHERE "users"."email" = 'rob.c.lan@gmail.com' LIMIT 1
  [1m[36mSQL (0.3ms)[0m  [1mINSERT INTO "users" ("email", "encrypted_password", "created_at", "updated_at") VALUES (?, ?, ?, ?)[0m  [["email", "rob.c.lan@gmail.com"], ["encrypted_password", "$2a$10$12taA5m9RX8y8373lP8f1eLPk7YnqcRsHCoJOgGED7HspvG0gyRim"], ["created_at", "2016-01-30 17:35:15.421177"], ["updated_at", "2016-01-30 17:35:15.421177"]]
  [1m[35m (5.2ms)[0m  commit transaction
  [1m[36m (0.1ms)[0m  [1mbegin transaction[0m
  [1m[35mSQL (0.3ms)[0m  UPDATE "users" SET "last_sign_in_at" = ?, "current_sign_in_at" = ?, "last_sign_in_ip" = ?, "current_sign_in_ip" = ?, "sign_in_count" = ?, "updated_at" = ? WHERE "users"."id" = ?  [["last_sign_in_at", "2016-01-30 17:35:15.428338"], ["current_sign_in_at", "2016-01-30 17:35:15.428338"], ["last_sign_in_ip", "::1"], ["current_sign_in_ip", "::1"], ["sign_in_count", 1], ["updated_at", "2016-01-30 17:35:15.428924"], ["id", 1]]
  [1m[36m (2.3ms)[0m  [1mcommit transaction[0m
Redirected to http://localhost:3000/
Completed 302 Found in 96ms (ActiveRecord: 8.5ms)


Started GET "/" for ::1 at 2016-01-30 12:35:15 -0500
Processing by HomeController#index as HTML
  [1m[35mUser Load (0.1ms)[0m  SELECT  "users".* FROM "users" WHERE "users"."id" = ?  ORDER BY "users"."id" ASC LIMIT 1  [["id", 1]]
  Rendered home/index.html.erb within layouts/application (20.3ms)
  Rendered layouts/_header.html.erb (0.4ms)
Completed 200 OK in 50ms (Views: 48.8ms | ActiveRecord: 0.1ms)


Started GET "/" for ::1 at 2016-01-30 12:35:17 -0500
Processing by HomeController#index as HTML
  [1m[36mUser Load (0.1ms)[0m  [1mSELECT  "users".* FROM "users" WHERE "users"."id" = ?  ORDER BY "users"."id" ASC LIMIT 1[0m  [["id", 1]]
  Rendered home/index.html.erb within layouts/application (2.6ms)
  Rendered layouts/_header.html.erb (1.2ms)
Completed 200 OK in 31ms (Views: 29.6ms | ActiveRecord: 0.1ms)


Started GET "/" for ::1 at 2016-01-30 12:35:19 -0500
Processing by HomeController#index as HTML
  [1m[35mUser Load (0.1ms)[0m  SELECT  "users".* FROM "users" WHERE "users"."id" = ?  ORDER BY "users"."id" ASC LIMIT 1  [["id", 1]]
  Rendered home/index.html.erb within layouts/application (1.3ms)
  Rendered layouts/_header.html.erb (0.2ms)
Completed 200 OK in 37ms (Views: 36.1ms | ActiveRecord: 0.1ms)


Started GET "/" for ::1 at 2016-01-30 12:35:20 -0500
Processing by HomeController#index as HTML
  [1m[36mUser Load (0.1ms)[0m  [1mSELECT  "users".* FROM "users" WHERE "users"."id" = ?  ORDER BY "users"."id" ASC LIMIT 1[0m  [["id", 1]]
  Rendered home/index.html.erb within layouts/application (1.6ms)
  Rendered layouts/_header.html.erb (0.3ms)
Completed 200 OK in 31ms (Views: 29.9ms | ActiveRecord: 0.1ms)


Started GET "/log" for ::1 at 2016-01-30 12:35:22 -0500
Processing by HomeController#log as HTML
  [1m[35mUser Load (0.1ms)[0m  SELECT  "users".* FROM "users" WHERE "users"."id" = ?  ORDER BY "users"."id" ASC LIMIT 1  [["id", 1]]
  Rendered home/log.html.erb within layouts/application (21.0ms)
  Rendered layouts/_header.html.erb (0.2ms)
Completed 200 OK in 54ms (Views: 52.6ms | ActiveRecord: 0.1ms)


Started GET "/history" for ::1 at 2016-01-30 12:35:24 -0500
Processing by HomeController#history as HTML
  [1m[36mUser Load (0.1ms)[0m  [1mSELECT  "users".* FROM "users" WHERE "users"."id" = ?  ORDER BY "users"."id" ASC LIMIT 1[0m  [["id", 1]]
  Rendered home/history.html.erb within layouts/application (18.4ms)
  Rendered layouts/_header.html.erb (0.2ms)
Completed 200 OK in 48ms (Views: 46.5ms | ActiveRecord: 0.1ms)


Started GET "/assets/history-42f954235bd9edb5dec9c2e2fbc12304a21563d9647e1cb9af17ac3f006a957e.png" for ::1 at 2016-01-30 12:35:24 -0500


Started GET "/" for ::1 at 2016-01-30 12:35:48 -0500
Processing by HomeController#index as HTML
  [1m[35mUser Load (0.1ms)[0m  SELECT  "users".* FROM "users" WHERE "users"."id" = ?  ORDER BY "users"."id" ASC LIMIT 1  [["id", 1]]
  Rendered home/index.html.erb within layouts/application (1.3ms)
  Rendered layouts/_header.html.erb (0.2ms)
Completed 200 OK in 28ms (Views: 26.6ms | ActiveRecord: 0.1ms)


Started GET "/log" for ::1 at 2016-01-30 12:36:11 -0500
Processing by HomeController#log as HTML
  [1m[36mUser Load (0.1ms)[0m  [1mSELECT  "users".* FROM "users" WHERE "users"."id" = ?  ORDER BY "users"."id" ASC LIMIT 1[0m  [["id", 1]]
  Rendered home/log.html.erb within layouts/application (1.3ms)
  Rendered layouts/_header.html.erb (0.2ms)
Completed 200 OK in 28ms (Views: 26.2ms | ActiveRecord: 0.1ms)


Started GET "/" for ::1 at 2016-01-30 12:36:57 -0500
Processing by HomeController#index as HTML
  [1m[35mUser Load (0.1ms)[0m  SELECT  "users".* FROM "users" WHERE "users"."id" = ?  ORDER BY "users"."id" ASC LIMIT 1  [["id", 1]]
  Rendered home/index.html.erb within layouts/application (1.1ms)
  Rendered layouts/_header.html.erb (0.3ms)
Completed 200 OK in 33ms (Views: 32.1ms | ActiveRecord: 0.1ms)


Started GET "/" for ::1 at 2016-01-30 12:41:06 -0500
Processing by HomeController#index as HTML
  [1m[36mUser Load (0.1ms)[0m  [1mSELECT  "users".* FROM "users" WHERE "users"."id" = ?  ORDER BY "users"."id" ASC LIMIT 1[0m  [["id", 1]]
  Rendered home/index.html.erb within layouts/application (1.5ms)
  Rendered layouts/_header.html.erb (0.2ms)
Completed 200 OK in 34ms (Views: 32.2ms | ActiveRecord: 0.1ms)


Started GET "/log" for ::1 at 2016-01-30 12:41:07 -0500
Processing by HomeController#log as HTML
  [1m[35mUser Load (0.1ms)[0m  SELECT  "users".* FROM "users" WHERE "users"."id" = ?  ORDER BY "users"."id" ASC LIMIT 1  [["id", 1]]
  Rendered home/log.html.erb within layouts/application (2.0ms)
  Rendered layouts/_header.html.erb (0.3ms)
Completed 200 OK in 33ms (Views: 32.2ms | ActiveRecord: 0.1ms)


Started GET "/history" for ::1 at 2016-01-30 12:41:11 -0500
Processing by HomeController#history as HTML
  [1m[36mUser Load (0.1ms)[0m  [1mSELECT  "users".* FROM "users" WHERE "users"."id" = ?  ORDER BY "users"."id" ASC LIMIT 1[0m  [["id", 1]]
  Rendered home/history.html.erb within layouts/application (1.2ms)
  Rendered layouts/_header.html.erb (0.2ms)
Completed 200 OK in 31ms (Views: 30.0ms | ActiveRecord: 0.1ms)


Started GET "/" for ::1 at 2016-01-30 12:41:20 -0500
Processing by HomeController#index as HTML
  [1m[35mUser Load (0.1ms)[0m  SELECT  "users".* FROM "users" WHERE "users"."id" = ?  ORDER BY "users"."id" ASC LIMIT 1  [["id", 1]]
  Rendered home/index.html.erb within layouts/application (1.5ms)
  Rendered layouts/_header.html.erb (0.2ms)
Completed 200 OK in 28ms (Views: 26.2ms | ActiveRecord: 0.1ms)


Started GET "/" for ::1 at 2016-01-30 12:53:13 -0500
Processing by HomeController#index as HTML
  [1m[36mUser Load (0.1ms)[0m  [1mSELECT  "users".* FROM "users" WHERE "users"."id" = ?  ORDER BY "users"."id" ASC LIMIT 1[0m  [["id", 1]]
  Rendered home/index.html.erb within layouts/application (1.2ms)
  Rendered layouts/_header.html.erb (0.2ms)
Completed 200 OK in 25ms (Views: 23.8ms | ActiveRecord: 0.1ms)


Started GET "/log" for ::1 at 2016-01-30 12:53:14 -0500
Processing by HomeController#log as HTML
  [1m[35mUser Load (0.1ms)[0m  SELECT  "users".* FROM "users" WHERE "users"."id" = ?  ORDER BY "users"."id" ASC LIMIT 1  [["id", 1]]
  Rendered home/log.html.erb within layouts/application (1.2ms)
  Rendered layouts/_header.html.erb (0.2ms)
Completed 200 OK in 33ms (Views: 31.6ms | ActiveRecord: 0.1ms)


Started GET "/" for ::1 at 2016-01-30 12:57:54 -0500
  [1m[36mActiveRecord::SchemaMigration Load (0.1ms)[0m  [1mSELECT "schema_migrations".* FROM "schema_migrations"[0m

ActiveRecord::PendingMigrationError (

Migrations are pending. To resolve this issue, run:

	bin/rake db:migrate RAILS_ENV=development

):
  vendor/ruby/2.2.0/gems/activerecord-4.2.3/lib/active_record/migration.rb:392:in `check_pending!'
  vendor/ruby/2.2.0/gems/activerecord-4.2.3/lib/active_record/migration.rb:373:in `call'
  vendor/ruby/2.2.0/gems/actionpack-4.2.3/lib/action_dispatch/middleware/callbacks.rb:29:in `block in call'
  vendor/ruby/2.2.0/gems/activesupport-4.2.3/lib/active_support/callbacks.rb:84:in `run_callbacks'
  vendor/ruby/2.2.0/gems/actionpack-4.2.3/lib/action_dispatch/middleware/callbacks.rb:27:in `call'
  vendor/ruby/2.2.0/gems/actionpack-4.2.3/lib/action_dispatch/middleware/reloader.rb:73:in `call'
  vendor/ruby/2.2.0/gems/actionpack-4.2.3/lib/action_dispatch/middleware/remote_ip.rb:78:in `call'
  vendor/ruby/2.2.0/gems/actionpack-4.2.3/lib/action_dispatch/middleware/debug_exceptions.rb:17:in `call'
  vendor/ruby/2.2.0/gems/web-console-2.2.1/lib/web_console/middleware.rb:39:in `call'
  vendor/ruby/2.2.0/gems/actionpack-4.2.3/lib/action_dispatch/middleware/show_exceptions.rb:30:in `call'
  vendor/ruby/2.2.0/gems/railties-4.2.3/lib/rails/rack/logger.rb:38:in `call_app'
  vendor/ruby/2.2.0/gems/railties-4.2.3/lib/rails/rack/logger.rb:20:in `block in call'
  vendor/ruby/2.2.0/gems/activesupport-4.2.3/lib/active_support/tagged_logging.rb:68:in `block in tagged'
  vendor/ruby/2.2.0/gems/activesupport-4.2.3/lib/active_support/tagged_logging.rb:26:in `tagged'
  vendor/ruby/2.2.0/gems/activesupport-4.2.3/lib/active_support/tagged_logging.rb:68:in `tagged'
  vendor/ruby/2.2.0/gems/railties-4.2.3/lib/rails/rack/logger.rb:20:in `call'
  vendor/ruby/2.2.0/gems/actionpack-4.2.3/lib/action_dispatch/middleware/request_id.rb:21:in `call'
  vendor/ruby/2.2.0/gems/rack-1.6.4/lib/rack/methodoverride.rb:22:in `call'
  vendor/ruby/2.2.0/gems/rack-1.6.4/lib/rack/runtime.rb:18:in `call'
  vendor/ruby/2.2.0/gems/activesupport-4.2.3/lib/active_support/cache/strategy/local_cache_middleware.rb:28:in `call'
  vendor/ruby/2.2.0/gems/rack-1.6.4/lib/rack/lock.rb:17:in `call'
  vendor/ruby/2.2.0/gems/actionpack-4.2.3/lib/action_dispatch/middleware/static.rb:116:in `call'
  vendor/ruby/2.2.0/gems/rack-1.6.4/lib/rack/sendfile.rb:113:in `call'
  vendor/ruby/2.2.0/gems/railties-4.2.3/lib/rails/engine.rb:518:in `call'
  vendor/ruby/2.2.0/gems/railties-4.2.3/lib/rails/application.rb:165:in `call'
  vendor/ruby/2.2.0/gems/rack-1.6.4/lib/rack/lock.rb:17:in `call'
  vendor/ruby/2.2.0/gems/rack-1.6.4/lib/rack/content_length.rb:15:in `call'
  vendor/ruby/2.2.0/gems/rack-1.6.4/lib/rack/handler/webrick.rb:88:in `service'
  /Users/robert.lan/.rvm/rubies/ruby-2.2.2/lib/ruby/2.2.0/webrick/httpserver.rb:138:in `service'
  /Users/robert.lan/.rvm/rubies/ruby-2.2.2/lib/ruby/2.2.0/webrick/httpserver.rb:94:in `run'
  /Users/robert.lan/.rvm/rubies/ruby-2.2.2/lib/ruby/2.2.0/webrick/server.rb:294:in `block in start_thread'


  Rendered vendor/ruby/2.2.0/gems/actionpack-4.2.3/lib/action_dispatch/middleware/templates/rescues/_source.erb (1.7ms)
  Rendered vendor/ruby/2.2.0/gems/actionpack-4.2.3/lib/action_dispatch/middleware/templates/rescues/_trace.html.erb (2.3ms)
  Rendered vendor/ruby/2.2.0/gems/actionpack-4.2.3/lib/action_dispatch/middleware/templates/rescues/_request_and_response.html.erb (1.4ms)
  Rendered vendor/ruby/2.2.0/gems/actionpack-4.2.3/lib/action_dispatch/middleware/templates/rescues/diagnostics.html.erb within rescues/layout (43.6ms)
  Rendered vendor/ruby/2.2.0/gems/web-console-2.2.1/lib/web_console/templates/_markup.html.erb (0.5ms)
  Rendered vendor/ruby/2.2.0/gems/web-console-2.2.1/lib/web_console/templates/_inner_console_markup.html.erb within layouts/inlined_string (0.2ms)
  Rendered vendor/ruby/2.2.0/gems/web-console-2.2.1/lib/web_console/templates/_prompt_box_markup.html.erb within layouts/inlined_string (0.2ms)
  Rendered vendor/ruby/2.2.0/gems/web-console-2.2.1/lib/web_console/templates/style.css.erb within layouts/inlined_string (0.4ms)
  Rendered vendor/ruby/2.2.0/gems/web-console-2.2.1/lib/web_console/templates/console.js.erb within layouts/javascript (43.3ms)
  Rendered vendor/ruby/2.2.0/gems/web-console-2.2.1/lib/web_console/templates/main.js.erb within layouts/javascript (0.3ms)
  Rendered vendor/ruby/2.2.0/gems/web-console-2.2.1/lib/web_console/templates/error_page.js.erb within layouts/javascript (0.3ms)
  Rendered vendor/ruby/2.2.0/gems/web-console-2.2.1/lib/web_console/templates/index.html.erb (93.0ms)


Started GET "/" for ::1 at 2016-01-30 12:57:54 -0500
  [1m[35mActiveRecord::SchemaMigration Load (0.1ms)[0m  SELECT "schema_migrations".* FROM "schema_migrations"

ActiveRecord::PendingMigrationError (

Migrations are pending. To resolve this issue, run:

	bin/rake db:migrate RAILS_ENV=development

):
  vendor/ruby/2.2.0/gems/activerecord-4.2.3/lib/active_record/migration.rb:392:in `check_pending!'
  vendor/ruby/2.2.0/gems/activerecord-4.2.3/lib/active_record/migration.rb:373:in `call'
  vendor/ruby/2.2.0/gems/actionpack-4.2.3/lib/action_dispatch/middleware/callbacks.rb:29:in `block in call'
  vendor/ruby/2.2.0/gems/activesupport-4.2.3/lib/active_support/callbacks.rb:84:in `run_callbacks'
  vendor/ruby/2.2.0/gems/actionpack-4.2.3/lib/action_dispatch/middleware/callbacks.rb:27:in `call'
  vendor/ruby/2.2.0/gems/actionpack-4.2.3/lib/action_dispatch/middleware/reloader.rb:73:in `call'
  vendor/ruby/2.2.0/gems/actionpack-4.2.3/lib/action_dispatch/middleware/remote_ip.rb:78:in `call'
  vendor/ruby/2.2.0/gems/actionpack-4.2.3/lib/action_dispatch/middleware/debug_exceptions.rb:17:in `call'
  vendor/ruby/2.2.0/gems/web-console-2.2.1/lib/web_console/middleware.rb:39:in `call'
  vendor/ruby/2.2.0/gems/actionpack-4.2.3/lib/action_dispatch/middleware/show_exceptions.rb:30:in `call'
  vendor/ruby/2.2.0/gems/railties-4.2.3/lib/rails/rack/logger.rb:38:in `call_app'
  vendor/ruby/2.2.0/gems/railties-4.2.3/lib/rails/rack/logger.rb:20:in `block in call'
  vendor/ruby/2.2.0/gems/activesupport-4.2.3/lib/active_support/tagged_logging.rb:68:in `block in tagged'
  vendor/ruby/2.2.0/gems/activesupport-4.2.3/lib/active_support/tagged_logging.rb:26:in `tagged'
  vendor/ruby/2.2.0/gems/activesupport-4.2.3/lib/active_support/tagged_logging.rb:68:in `tagged'
  vendor/ruby/2.2.0/gems/railties-4.2.3/lib/rails/rack/logger.rb:20:in `call'
  vendor/ruby/2.2.0/gems/actionpack-4.2.3/lib/action_dispatch/middleware/request_id.rb:21:in `call'
  vendor/ruby/2.2.0/gems/rack-1.6.4/lib/rack/methodoverride.rb:22:in `call'
  vendor/ruby/2.2.0/gems/rack-1.6.4/lib/rack/runtime.rb:18:in `call'
  vendor/ruby/2.2.0/gems/activesupport-4.2.3/lib/active_support/cache/strategy/local_cache_middleware.rb:28:in `call'
  vendor/ruby/2.2.0/gems/rack-1.6.4/lib/rack/lock.rb:17:in `call'
  vendor/ruby/2.2.0/gems/actionpack-4.2.3/lib/action_dispatch/middleware/static.rb:116:in `call'
  vendor/ruby/2.2.0/gems/rack-1.6.4/lib/rack/sendfile.rb:113:in `call'
  vendor/ruby/2.2.0/gems/railties-4.2.3/lib/rails/engine.rb:518:in `call'
  vendor/ruby/2.2.0/gems/railties-4.2.3/lib/rails/application.rb:165:in `call'
  vendor/ruby/2.2.0/gems/rack-1.6.4/lib/rack/lock.rb:17:in `call'
  vendor/ruby/2.2.0/gems/rack-1.6.4/lib/rack/content_length.rb:15:in `call'
  vendor/ruby/2.2.0/gems/rack-1.6.4/lib/rack/handler/webrick.rb:88:in `service'
  /Users/robert.lan/.rvm/rubies/ruby-2.2.2/lib/ruby/2.2.0/webrick/httpserver.rb:138:in `service'
  /Users/robert.lan/.rvm/rubies/ruby-2.2.2/lib/ruby/2.2.0/webrick/httpserver.rb:94:in `run'
  /Users/robert.lan/.rvm/rubies/ruby-2.2.2/lib/ruby/2.2.0/webrick/server.rb:294:in `block in start_thread'


  Rendered vendor/ruby/2.2.0/gems/actionpack-4.2.3/lib/action_dispatch/middleware/templates/rescues/_source.erb (2.8ms)
  Rendered vendor/ruby/2.2.0/gems/actionpack-4.2.3/lib/action_dispatch/middleware/templates/rescues/_trace.html.erb (1.1ms)
  Rendered vendor/ruby/2.2.0/gems/actionpack-4.2.3/lib/action_dispatch/middleware/templates/rescues/_request_and_response.html.erb (0.6ms)
  Rendered vendor/ruby/2.2.0/gems/actionpack-4.2.3/lib/action_dispatch/middleware/templates/rescues/diagnostics.html.erb within rescues/layout (42.9ms)
  Rendered vendor/ruby/2.2.0/gems/web-console-2.2.1/lib/web_console/templates/_markup.html.erb (0.3ms)
  Rendered vendor/ruby/2.2.0/gems/web-console-2.2.1/lib/web_console/templates/_inner_console_markup.html.erb within layouts/inlined_string (0.4ms)
  Rendered vendor/ruby/2.2.0/gems/web-console-2.2.1/lib/web_console/templates/_prompt_box_markup.html.erb within layouts/inlined_string (0.3ms)
  Rendered vendor/ruby/2.2.0/gems/web-console-2.2.1/lib/web_console/templates/style.css.erb within layouts/inlined_string (0.2ms)
  Rendered vendor/ruby/2.2.0/gems/web-console-2.2.1/lib/web_console/templates/console.js.erb within layouts/javascript (44.3ms)
  Rendered vendor/ruby/2.2.0/gems/web-console-2.2.1/lib/web_console/templates/main.js.erb within layouts/javascript (0.2ms)
  Rendered vendor/ruby/2.2.0/gems/web-console-2.2.1/lib/web_console/templates/error_page.js.erb within layouts/javascript (0.3ms)
  Rendered vendor/ruby/2.2.0/gems/web-console-2.2.1/lib/web_console/templates/index.html.erb (89.1ms)
  [1m[36mActiveRecord::SchemaMigration Load (0.1ms)[0m  [1mSELECT "schema_migrations".* FROM "schema_migrations"[0m
Migrating to CreateGames (20160130175453)
  [1m[35m (0.1ms)[0m  begin transaction
  [1m[36m (0.4ms)[0m  [1mCREATE TABLE "games" ("id" INTEGER PRIMARY KEY AUTOINCREMENT NOT NULL, "date_played" datetime, "winning_user_id" integer, "losing_user_id" integer, "winning_user_score" integer, "losing_user_score" integer, "created_at" datetime NOT NULL, "updated_at" datetime NOT NULL) [0m
  [1m[35mSQL (0.1ms)[0m  INSERT INTO "schema_migrations" ("version") VALUES (?)  [["version", "20160130175453"]]
  [1m[36m (5.3ms)[0m  [1mcommit transaction[0m
  [1m[35mActiveRecord::SchemaMigration Load (0.1ms)[0m  SELECT "schema_migrations".* FROM "schema_migrations"
  [1m[36m (0.2ms)[0m  [1m            SELECT sql
            FROM sqlite_master
            WHERE name='index_users_on_reset_password_token' AND type='index'
            UNION ALL
            SELECT sql
            FROM sqlite_temp_master
            WHERE name='index_users_on_reset_password_token' AND type='index'
[0m
  [1m[35m (0.1ms)[0m              SELECT sql
            FROM sqlite_master
            WHERE name='index_users_on_email' AND type='index'
            UNION ALL
            SELECT sql
            FROM sqlite_temp_master
            WHERE name='index_users_on_email' AND type='index'



Started GET "/" for ::1 at 2016-01-30 12:58:37 -0500
  [1m[36mActiveRecord::SchemaMigration Load (0.1ms)[0m  [1mSELECT "schema_migrations".* FROM "schema_migrations"[0m
Processing by HomeController#index as HTML
  [1m[35mUser Load (0.1ms)[0m  SELECT  "users".* FROM "users" WHERE "users"."id" = ?  ORDER BY "users"."id" ASC LIMIT 1  [["id", 1]]
  Rendered home/index.html.erb within layouts/application (1.3ms)
  Rendered layouts/_header.html.erb (0.2ms)
Completed 200 OK in 33ms (Views: 25.1ms | ActiveRecord: 0.4ms)


Started GET "/assets/application.self-3b8dabdc891efe46b9a144b400ad69e37d7e5876bdc39dee783419a69d7ca819.js?body=1" for ::1 at 2016-01-30 12:58:38 -0500


Started GET "/assets/devise_bootstrap_views.self-82a7157e1d24f13e5cfd5da26beb65ce55eace25f325f0e4036d006f18f7eef0.css?body=1" for ::1 at 2016-01-30 12:58:38 -0500


Started GET "/assets/turbolinks.self-c37727e9bd6b2735da5c311aa83fead54ed0be6cc8bd9a65309e9c5abe2cbfff.js?body=1" for ::1 at 2016-01-30 12:58:38 -0500


Started GET "/assets/jquery_ujs.self-d456baa54c1fa6be2ec3711f0a72ddf7a5b2f34a6b4f515f33767d6207b7d4b3.js?body=1" for ::1 at 2016-01-30 12:58:38 -0500


Started GET "/assets/jquery.self-a714331225dda820228db323939889f149aec0127aeb06255646b616ba1ca419.js?body=1" for ::1 at 2016-01-30 12:58:38 -0500


Started GET "/assets/application.self-d885a0a66bd595c10edb24f8879f94e334d88be0730c4d7c7a7b57c731c09037.css?body=1" for ::1 at 2016-01-30 12:58:38 -0500


Started GET "/assets/leaderboard-649fee156f44c2795f7feddd776e7e297954c9ec249cdd9c55dcbc3919b4b538.png" for ::1 at 2016-01-30 12:58:38 -0500


Started DELETE "/users/sign_out" for ::1 at 2016-01-30 12:59:01 -0500
Processing by Devise::SessionsController#destroy as HTML
  Parameters: {"authenticity_token"=>"PaFmCGcr8h1mqndmivbGZKLkqhOtaIHKdp5V4Nkkq1fjuxQJrM9LEuG5A4nOijDG2BwebKUabwLr9h7+I0TA8Q=="}
  [1m[36mUser Load (0.1ms)[0m  [1mSELECT  "users".* FROM "users" WHERE "users"."id" = ?  ORDER BY "users"."id" ASC LIMIT 1[0m  [["id", 1]]
Redirected to http://localhost:3000/
Completed 302 Found in 2ms (ActiveRecord: 0.1ms)


Started GET "/" for ::1 at 2016-01-30 12:59:01 -0500
Processing by HomeController#index as HTML
Completed 401 Unauthorized in 0ms (ActiveRecord: 0.0ms)


Started GET "/users/sign_in" for ::1 at 2016-01-30 12:59:01 -0500
Processing by Devise::SessionsController#new as HTML
  Rendered vendor/ruby/2.2.0/gems/devise-bootstrap-views-0.0.6/app/views/devise/shared/_links.html.erb (0.2ms)
  Rendered vendor/ruby/2.2.0/gems/devise-bootstrap-views-0.0.6/app/views/devise/sessions/new.html.erb within layouts/application (3.1ms)
  Rendered layouts/_header.html.erb (0.4ms)
Completed 200 OK in 40ms (Views: 39.1ms | ActiveRecord: 0.0ms)


Started GET "/users/sign_up" for ::1 at 2016-01-30 12:59:03 -0500
Processing by Devise::RegistrationsController#new as HTML
  Rendered vendor/ruby/2.2.0/gems/devise-bootstrap-views-0.0.6/app/views/devise/shared/_links.html.erb (0.3ms)
  Rendered vendor/ruby/2.2.0/gems/devise-bootstrap-views-0.0.6/app/views/devise/registrations/new.html.erb within layouts/application (3.3ms)
  Rendered layouts/_header.html.erb (0.3ms)
Completed 200 OK in 39ms (Views: 38.4ms | ActiveRecord: 0.0ms)
  [1m[36mActiveRecord::SchemaMigration Load (0.1ms)[0m  [1mSELECT "schema_migrations".* FROM "schema_migrations"[0m
Migrating to ExtendUsers (20160130175942)
  [1m[35m (0.0ms)[0m  begin transaction
  [1m[36m (2.5ms)[0m  [1mALTER TABLE "users" ADD "name" varchar(50)[0m
  [1m[35m (0.2ms)[0m  ALTER TABLE "users" ADD "games_played" integer
  [1m[36m (0.1ms)[0m  [1mALTER TABLE "users" ADD "leaderboard_score" integer[0m
  [1m[35mSQL (0.1ms)[0m  INSERT INTO "schema_migrations" ("version") VALUES (?)  [["version", "20160130175942"]]
  [1m[36m (2.5ms)[0m  [1mcommit transaction[0m
  [1m[35mActiveRecord::SchemaMigration Load (0.1ms)[0m  SELECT "schema_migrations".* FROM "schema_migrations"
  [1m[36m (0.1ms)[0m  [1m            SELECT sql
            FROM sqlite_master
            WHERE name='index_users_on_reset_password_token' AND type='index'
            UNION ALL
            SELECT sql
            FROM sqlite_temp_master
            WHERE name='index_users_on_reset_password_token' AND type='index'
[0m
  [1m[35m (0.1ms)[0m              SELECT sql
            FROM sqlite_master
            WHERE name='index_users_on_email' AND type='index'
            UNION ALL
            SELECT sql
            FROM sqlite_temp_master
            WHERE name='index_users_on_email' AND type='index'



Started GET "/users/sign_up" for ::1 at 2016-01-30 13:02:26 -0500
  [1m[35mActiveRecord::SchemaMigration Load (0.1ms)[0m  SELECT "schema_migrations".* FROM "schema_migrations"
Processing by Devise::RegistrationsController#new as HTML
  Rendered vendor/ruby/2.2.0/gems/devise-bootstrap-views-0.0.6/app/views/devise/shared/_links.html.erb (0.3ms)
  Rendered vendor/ruby/2.2.0/gems/devise-bootstrap-views-0.0.6/app/views/devise/registrations/new.html.erb within layouts/application (4.0ms)
  Rendered layouts/_header.html.erb (0.3ms)
Completed 200 OK in 41ms (Views: 33.7ms | ActiveRecord: 0.3ms)


Started GET "/assets/devise_bootstrap_views.self-82a7157e1d24f13e5cfd5da26beb65ce55eace25f325f0e4036d006f18f7eef0.css?body=1" for ::1 at 2016-01-30 13:02:26 -0500


Started GET "/assets/application.self-d885a0a66bd595c10edb24f8879f94e334d88be0730c4d7c7a7b57c731c09037.css?body=1" for ::1 at 2016-01-30 13:02:26 -0500


Started GET "/assets/jquery_ujs.self-d456baa54c1fa6be2ec3711f0a72ddf7a5b2f34a6b4f515f33767d6207b7d4b3.js?body=1" for ::1 at 2016-01-30 13:02:26 -0500


Started GET "/assets/turbolinks.self-c37727e9bd6b2735da5c311aa83fead54ed0be6cc8bd9a65309e9c5abe2cbfff.js?body=1" for ::1 at 2016-01-30 13:02:26 -0500


Started GET "/assets/jquery.self-a714331225dda820228db323939889f149aec0127aeb06255646b616ba1ca419.js?body=1" for ::1 at 2016-01-30 13:02:26 -0500


Started GET "/assets/application.self-3b8dabdc891efe46b9a144b400ad69e37d7e5876bdc39dee783419a69d7ca819.js?body=1" for ::1 at 2016-01-30 13:02:26 -0500


Started GET "/users/sign_in" for ::1 at 2016-01-30 13:07:24 -0500
Processing by Devise::SessionsController#new as HTML
  Rendered vendor/ruby/2.2.0/gems/devise-bootstrap-views-0.0.6/app/views/devise/shared/_links.html.erb (0.3ms)
  Rendered vendor/ruby/2.2.0/gems/devise-bootstrap-views-0.0.6/app/views/devise/sessions/new.html.erb within layouts/application (3.7ms)
  Rendered layouts/_header.html.erb (0.3ms)
Completed 200 OK in 39ms (Views: 38.1ms | ActiveRecord: 0.0ms)


Started POST "/users/sign_in" for ::1 at 2016-01-30 13:07:26 -0500
Processing by Devise::SessionsController#create as HTML
  Parameters: {"utf8"=>"✓", "authenticity_token"=>"7SJULvH1xbtO6P1KxPiUNKsb1HN6/nAaJ7CXiH+pUGAUy5SLr+MuSQGjbocYrghV5+6GsmGlDgfCR5GMts38sg==", "user"=>{"email"=>"rob.c.lan@gmail.com", "password"=>"[FILTERED]"}, "commit"=>"Sign in"}
  [1m[36mUser Load (0.2ms)[0m  [1mSELECT  "users".* FROM "users" WHERE "users"."email" = ?  ORDER BY "users"."id" ASC LIMIT 1[0m  [["email", "rob.c.lan@gmail.com"]]
  [1m[35m (0.1ms)[0m  begin transaction
  [1m[36mSQL (0.3ms)[0m  [1mUPDATE "users" SET "current_sign_in_at" = ?, "sign_in_count" = ?, "updated_at" = ? WHERE "users"."id" = ?[0m  [["current_sign_in_at", "2016-01-30 18:07:26.177304"], ["sign_in_count", 2], ["updated_at", "2016-01-30 18:07:26.177966"], ["id", 1]]
  [1m[35m (6.6ms)[0m  commit transaction
Redirected to http://localhost:3000/
Completed 302 Found in 86ms (ActiveRecord: 7.2ms)


Started GET "/" for ::1 at 2016-01-30 13:07:26 -0500
Processing by HomeController#index as HTML
  [1m[36mUser Load (0.2ms)[0m  [1mSELECT  "users".* FROM "users" WHERE "users"."id" = ?  ORDER BY "users"."id" ASC LIMIT 1[0m  [["id", 1]]
  Rendered home/index.html.erb within layouts/application (1.2ms)
  Rendered layouts/_header.html.erb (0.4ms)
Completed 200 OK in 37ms (Views: 35.7ms | ActiveRecord: 0.2ms)


Started GET "/log" for ::1 at 2016-01-30 13:07:28 -0500
Processing by HomeController#log as HTML
  [1m[35mUser Load (0.1ms)[0m  SELECT  "users".* FROM "users" WHERE "users"."id" = ?  ORDER BY "users"."id" ASC LIMIT 1  [["id", 1]]
  Rendered home/log.html.erb within layouts/application (1.6ms)
  Rendered layouts/_header.html.erb (0.4ms)
Completed 200 OK in 36ms (Views: 35.1ms | ActiveRecord: 0.1ms)


Started GET "/log" for ::1 at 2016-01-30 13:11:51 -0500

ActionController::RoutingError (uninitialized constant GameController):
  vendor/ruby/2.2.0/gems/activesupport-4.2.3/lib/active_support/inflector/methods.rb:261:in `const_get'
  vendor/ruby/2.2.0/gems/activesupport-4.2.3/lib/active_support/inflector/methods.rb:261:in `block in constantize'
  vendor/ruby/2.2.0/gems/activesupport-4.2.3/lib/active_support/inflector/methods.rb:259:in `each'
  vendor/ruby/2.2.0/gems/activesupport-4.2.3/lib/active_support/inflector/methods.rb:259:in `inject'
  vendor/ruby/2.2.0/gems/activesupport-4.2.3/lib/active_support/inflector/methods.rb:259:in `constantize'
  vendor/ruby/2.2.0/gems/actionpack-4.2.3/lib/action_dispatch/routing/route_set.rb:72:in `controller_reference'
  vendor/ruby/2.2.0/gems/actionpack-4.2.3/lib/action_dispatch/routing/route_set.rb:62:in `controller'
  vendor/ruby/2.2.0/gems/actionpack-4.2.3/lib/action_dispatch/routing/route_set.rb:41:in `serve'
  vendor/ruby/2.2.0/gems/actionpack-4.2.3/lib/action_dispatch/journey/router.rb:43:in `block in serve'
  vendor/ruby/2.2.0/gems/actionpack-4.2.3/lib/action_dispatch/journey/router.rb:30:in `each'
  vendor/ruby/2.2.0/gems/actionpack-4.2.3/lib/action_dispatch/journey/router.rb:30:in `serve'
  vendor/ruby/2.2.0/gems/actionpack-4.2.3/lib/action_dispatch/routing/route_set.rb:821:in `call'
  vendor/ruby/2.2.0/gems/warden-1.2.3/lib/warden/manager.rb:35:in `block in call'
  vendor/ruby/2.2.0/gems/warden-1.2.3/lib/warden/manager.rb:34:in `catch'
  vendor/ruby/2.2.0/gems/warden-1.2.3/lib/warden/manager.rb:34:in `call'
  vendor/ruby/2.2.0/gems/rack-1.6.4/lib/rack/etag.rb:24:in `call'
  vendor/ruby/2.2.0/gems/rack-1.6.4/lib/rack/conditionalget.rb:25:in `call'
  vendor/ruby/2.2.0/gems/rack-1.6.4/lib/rack/head.rb:13:in `call'
  vendor/ruby/2.2.0/gems/actionpack-4.2.3/lib/action_dispatch/middleware/params_parser.rb:27:in `call'
  vendor/ruby/2.2.0/gems/actionpack-4.2.3/lib/action_dispatch/middleware/flash.rb:260:in `call'
  vendor/ruby/2.2.0/gems/rack-1.6.4/lib/rack/session/abstract/id.rb:225:in `context'
  vendor/ruby/2.2.0/gems/rack-1.6.4/lib/rack/session/abstract/id.rb:220:in `call'
  vendor/ruby/2.2.0/gems/actionpack-4.2.3/lib/action_dispatch/middleware/cookies.rb:560:in `call'
  vendor/ruby/2.2.0/gems/activerecord-4.2.3/lib/active_record/query_cache.rb:36:in `call'
  vendor/ruby/2.2.0/gems/activerecord-4.2.3/lib/active_record/connection_adapters/abstract/connection_pool.rb:653:in `call'
  vendor/ruby/2.2.0/gems/activerecord-4.2.3/lib/active_record/migration.rb:377:in `call'
  vendor/ruby/2.2.0/gems/actionpack-4.2.3/lib/action_dispatch/middleware/callbacks.rb:29:in `block in call'
  vendor/ruby/2.2.0/gems/activesupport-4.2.3/lib/active_support/callbacks.rb:84:in `run_callbacks'
  vendor/ruby/2.2.0/gems/actionpack-4.2.3/lib/action_dispatch/middleware/callbacks.rb:27:in `call'
  vendor/ruby/2.2.0/gems/actionpack-4.2.3/lib/action_dispatch/middleware/reloader.rb:73:in `call'
  vendor/ruby/2.2.0/gems/actionpack-4.2.3/lib/action_dispatch/middleware/remote_ip.rb:78:in `call'
  vendor/ruby/2.2.0/gems/actionpack-4.2.3/lib/action_dispatch/middleware/debug_exceptions.rb:17:in `call'
  vendor/ruby/2.2.0/gems/web-console-2.2.1/lib/web_console/middleware.rb:39:in `call'
  vendor/ruby/2.2.0/gems/actionpack-4.2.3/lib/action_dispatch/middleware/show_exceptions.rb:30:in `call'
  vendor/ruby/2.2.0/gems/railties-4.2.3/lib/rails/rack/logger.rb:38:in `call_app'
  vendor/ruby/2.2.0/gems/railties-4.2.3/lib/rails/rack/logger.rb:20:in `block in call'
  vendor/ruby/2.2.0/gems/activesupport-4.2.3/lib/active_support/tagged_logging.rb:68:in `block in tagged'
  vendor/ruby/2.2.0/gems/activesupport-4.2.3/lib/active_support/tagged_logging.rb:26:in `tagged'
  vendor/ruby/2.2.0/gems/activesupport-4.2.3/lib/active_support/tagged_logging.rb:68:in `tagged'
  vendor/ruby/2.2.0/gems/railties-4.2.3/lib/rails/rack/logger.rb:20:in `call'
  vendor/ruby/2.2.0/gems/actionpack-4.2.3/lib/action_dispatch/middleware/request_id.rb:21:in `call'
  vendor/ruby/2.2.0/gems/rack-1.6.4/lib/rack/methodoverride.rb:22:in `call'
  vendor/ruby/2.2.0/gems/rack-1.6.4/lib/rack/runtime.rb:18:in `call'
  vendor/ruby/2.2.0/gems/activesupport-4.2.3/lib/active_support/cache/strategy/local_cache_middleware.rb:28:in `call'
  vendor/ruby/2.2.0/gems/rack-1.6.4/lib/rack/lock.rb:17:in `call'
  vendor/ruby/2.2.0/gems/actionpack-4.2.3/lib/action_dispatch/middleware/static.rb:116:in `call'
  vendor/ruby/2.2.0/gems/rack-1.6.4/lib/rack/sendfile.rb:113:in `call'
  vendor/ruby/2.2.0/gems/railties-4.2.3/lib/rails/engine.rb:518:in `call'
  vendor/ruby/2.2.0/gems/railties-4.2.3/lib/rails/application.rb:165:in `call'
  vendor/ruby/2.2.0/gems/rack-1.6.4/lib/rack/lock.rb:17:in `call'
  vendor/ruby/2.2.0/gems/rack-1.6.4/lib/rack/content_length.rb:15:in `call'
  vendor/ruby/2.2.0/gems/rack-1.6.4/lib/rack/handler/webrick.rb:88:in `service'
  /Users/robert.lan/.rvm/rubies/ruby-2.2.2/lib/ruby/2.2.0/webrick/httpserver.rb:138:in `service'
  /Users/robert.lan/.rvm/rubies/ruby-2.2.2/lib/ruby/2.2.0/webrick/httpserver.rb:94:in `run'
  /Users/robert.lan/.rvm/rubies/ruby-2.2.2/lib/ruby/2.2.0/webrick/server.rb:294:in `block in start_thread'


  Rendered vendor/ruby/2.2.0/gems/actionpack-4.2.3/lib/action_dispatch/middleware/templates/rescues/_trace.html.erb (1.5ms)
  Rendered vendor/ruby/2.2.0/gems/actionpack-4.2.3/lib/action_dispatch/middleware/templates/routes/_route.html.erb (0.9ms)
  Rendered vendor/ruby/2.2.0/gems/actionpack-4.2.3/lib/action_dispatch/middleware/templates/routes/_table.html.erb (3.6ms)
  Rendered vendor/ruby/2.2.0/gems/actionpack-4.2.3/lib/action_dispatch/middleware/templates/rescues/_request_and_response.html.erb (1.2ms)
  Rendered vendor/ruby/2.2.0/gems/actionpack-4.2.3/lib/action_dispatch/middleware/templates/rescues/routing_error.html.erb within rescues/layout (64.0ms)
  Rendered vendor/ruby/2.2.0/gems/web-console-2.2.1/lib/web_console/templates/_markup.html.erb (0.3ms)
  Rendered vendor/ruby/2.2.0/gems/web-console-2.2.1/lib/web_console/templates/_inner_console_markup.html.erb within layouts/inlined_string (0.4ms)
  Rendered vendor/ruby/2.2.0/gems/web-console-2.2.1/lib/web_console/templates/_prompt_box_markup.html.erb within layouts/inlined_string (0.3ms)
  Rendered vendor/ruby/2.2.0/gems/web-console-2.2.1/lib/web_console/templates/style.css.erb within layouts/inlined_string (0.3ms)
  Rendered vendor/ruby/2.2.0/gems/web-console-2.2.1/lib/web_console/templates/console.js.erb within layouts/javascript (34.9ms)
  Rendered vendor/ruby/2.2.0/gems/web-console-2.2.1/lib/web_console/templates/main.js.erb within layouts/javascript (0.2ms)
  Rendered vendor/ruby/2.2.0/gems/web-console-2.2.1/lib/web_console/templates/error_page.js.erb within layouts/javascript (0.4ms)
  Rendered vendor/ruby/2.2.0/gems/web-console-2.2.1/lib/web_console/templates/index.html.erb (76.9ms)


Started GET "/log" for ::1 at 2016-01-30 13:12:15 -0500
Processing by GamesController#new as HTML
  [1m[36mUser Load (0.1ms)[0m  [1mSELECT  "users".* FROM "users" WHERE "users"."id" = ?  ORDER BY "users"."id" ASC LIMIT 1[0m  [["id", 1]]
  Rendered games/new.html.erb within layouts/application (0.3ms)
  Rendered layouts/_header.html.erb (0.3ms)
Completed 200 OK in 45ms (Views: 31.2ms | ActiveRecord: 0.7ms)


Started GET "/assets/devise_bootstrap_views.self-82a7157e1d24f13e5cfd5da26beb65ce55eace25f325f0e4036d006f18f7eef0.css?body=1" for ::1 at 2016-01-30 13:12:15 -0500


Started GET "/assets/application.self-d885a0a66bd595c10edb24f8879f94e334d88be0730c4d7c7a7b57c731c09037.css?body=1" for ::1 at 2016-01-30 13:12:15 -0500


Started GET "/assets/jquery_ujs.self-d456baa54c1fa6be2ec3711f0a72ddf7a5b2f34a6b4f515f33767d6207b7d4b3.js?body=1" for ::1 at 2016-01-30 13:12:15 -0500


Started GET "/assets/turbolinks.self-c37727e9bd6b2735da5c311aa83fead54ed0be6cc8bd9a65309e9c5abe2cbfff.js?body=1" for ::1 at 2016-01-30 13:12:15 -0500


Started GET "/assets/jquery.self-a714331225dda820228db323939889f149aec0127aeb06255646b616ba1ca419.js?body=1" for ::1 at 2016-01-30 13:12:15 -0500


Started GET "/assets/application.self-3b8dabdc891efe46b9a144b400ad69e37d7e5876bdc39dee783419a69d7ca819.js?body=1" for ::1 at 2016-01-30 13:12:15 -0500


Started GET "/log" for ::1 at 2016-01-30 13:12:31 -0500
Processing by HomeController#log as HTML
  [1m[35mUser Load (0.1ms)[0m  SELECT  "users".* FROM "users" WHERE "users"."id" = ?  ORDER BY "users"."id" ASC LIMIT 1  [["id", 1]]
  Rendered home/log.html.erb within layouts/application (1.7ms)
  Rendered layouts/_header.html.erb (0.3ms)
Completed 200 OK in 36ms (Views: 26.0ms | ActiveRecord: 0.5ms)


Started GET "/assets/devise_bootstrap_views.self-82a7157e1d24f13e5cfd5da26beb65ce55eace25f325f0e4036d006f18f7eef0.css?body=1" for ::1 at 2016-01-30 13:12:31 -0500


Started GET "/assets/jquery_ujs.self-d456baa54c1fa6be2ec3711f0a72ddf7a5b2f34a6b4f515f33767d6207b7d4b3.js?body=1" for ::1 at 2016-01-30 13:12:31 -0500


Started GET "/assets/application.self-d885a0a66bd595c10edb24f8879f94e334d88be0730c4d7c7a7b57c731c09037.css?body=1" for ::1 at 2016-01-30 13:12:31 -0500


Started GET "/assets/turbolinks.self-c37727e9bd6b2735da5c311aa83fead54ed0be6cc8bd9a65309e9c5abe2cbfff.js?body=1" for ::1 at 2016-01-30 13:12:31 -0500


Started GET "/assets/jquery.self-a714331225dda820228db323939889f149aec0127aeb06255646b616ba1ca419.js?body=1" for ::1 at 2016-01-30 13:12:31 -0500


Started GET "/assets/application.self-3b8dabdc891efe46b9a144b400ad69e37d7e5876bdc39dee783419a69d7ca819.js?body=1" for ::1 at 2016-01-30 13:12:31 -0500


Started GET "/assets/log_game-2ced705c4f06bcc819ffe38708123ee516029247da36a4cb67c182fe8193a953.png" for ::1 at 2016-01-30 13:12:31 -0500


Started GET "/log" for ::1 at 2016-01-30 13:14:11 -0500

ActionController::RoutingError (uninitialized constant GameController):
  vendor/ruby/2.2.0/gems/activesupport-4.2.3/lib/active_support/inflector/methods.rb:261:in `const_get'
  vendor/ruby/2.2.0/gems/activesupport-4.2.3/lib/active_support/inflector/methods.rb:261:in `block in constantize'
  vendor/ruby/2.2.0/gems/activesupport-4.2.3/lib/active_support/inflector/methods.rb:259:in `each'
  vendor/ruby/2.2.0/gems/activesupport-4.2.3/lib/active_support/inflector/methods.rb:259:in `inject'
  vendor/ruby/2.2.0/gems/activesupport-4.2.3/lib/active_support/inflector/methods.rb:259:in `constantize'
  vendor/ruby/2.2.0/gems/actionpack-4.2.3/lib/action_dispatch/routing/route_set.rb:72:in `controller_reference'
  vendor/ruby/2.2.0/gems/actionpack-4.2.3/lib/action_dispatch/routing/route_set.rb:62:in `controller'
  vendor/ruby/2.2.0/gems/actionpack-4.2.3/lib/action_dispatch/routing/route_set.rb:41:in `serve'
  vendor/ruby/2.2.0/gems/actionpack-4.2.3/lib/action_dispatch/journey/router.rb:43:in `block in serve'
  vendor/ruby/2.2.0/gems/actionpack-4.2.3/lib/action_dispatch/journey/router.rb:30:in `each'
  vendor/ruby/2.2.0/gems/actionpack-4.2.3/lib/action_dispatch/journey/router.rb:30:in `serve'
  vendor/ruby/2.2.0/gems/actionpack-4.2.3/lib/action_dispatch/routing/route_set.rb:821:in `call'
  vendor/ruby/2.2.0/gems/warden-1.2.3/lib/warden/manager.rb:35:in `block in call'
  vendor/ruby/2.2.0/gems/warden-1.2.3/lib/warden/manager.rb:34:in `catch'
  vendor/ruby/2.2.0/gems/warden-1.2.3/lib/warden/manager.rb:34:in `call'
  vendor/ruby/2.2.0/gems/rack-1.6.4/lib/rack/etag.rb:24:in `call'
  vendor/ruby/2.2.0/gems/rack-1.6.4/lib/rack/conditionalget.rb:25:in `call'
  vendor/ruby/2.2.0/gems/rack-1.6.4/lib/rack/head.rb:13:in `call'
  vendor/ruby/2.2.0/gems/actionpack-4.2.3/lib/action_dispatch/middleware/params_parser.rb:27:in `call'
  vendor/ruby/2.2.0/gems/actionpack-4.2.3/lib/action_dispatch/middleware/flash.rb:260:in `call'
  vendor/ruby/2.2.0/gems/rack-1.6.4/lib/rack/session/abstract/id.rb:225:in `context'
  vendor/ruby/2.2.0/gems/rack-1.6.4/lib/rack/session/abstract/id.rb:220:in `call'
  vendor/ruby/2.2.0/gems/actionpack-4.2.3/lib/action_dispatch/middleware/cookies.rb:560:in `call'
  vendor/ruby/2.2.0/gems/activerecord-4.2.3/lib/active_record/query_cache.rb:36:in `call'
  vendor/ruby/2.2.0/gems/activerecord-4.2.3/lib/active_record/connection_adapters/abstract/connection_pool.rb:653:in `call'
  vendor/ruby/2.2.0/gems/activerecord-4.2.3/lib/active_record/migration.rb:377:in `call'
  vendor/ruby/2.2.0/gems/actionpack-4.2.3/lib/action_dispatch/middleware/callbacks.rb:29:in `block in call'
  vendor/ruby/2.2.0/gems/activesupport-4.2.3/lib/active_support/callbacks.rb:84:in `run_callbacks'
  vendor/ruby/2.2.0/gems/actionpack-4.2.3/lib/action_dispatch/middleware/callbacks.rb:27:in `call'
  vendor/ruby/2.2.0/gems/actionpack-4.2.3/lib/action_dispatch/middleware/reloader.rb:73:in `call'
  vendor/ruby/2.2.0/gems/actionpack-4.2.3/lib/action_dispatch/middleware/remote_ip.rb:78:in `call'
  vendor/ruby/2.2.0/gems/actionpack-4.2.3/lib/action_dispatch/middleware/debug_exceptions.rb:17:in `call'
  vendor/ruby/2.2.0/gems/web-console-2.2.1/lib/web_console/middleware.rb:39:in `call'
  vendor/ruby/2.2.0/gems/actionpack-4.2.3/lib/action_dispatch/middleware/show_exceptions.rb:30:in `call'
  vendor/ruby/2.2.0/gems/railties-4.2.3/lib/rails/rack/logger.rb:38:in `call_app'
  vendor/ruby/2.2.0/gems/railties-4.2.3/lib/rails/rack/logger.rb:20:in `block in call'
  vendor/ruby/2.2.0/gems/activesupport-4.2.3/lib/active_support/tagged_logging.rb:68:in `block in tagged'
  vendor/ruby/2.2.0/gems/activesupport-4.2.3/lib/active_support/tagged_logging.rb:26:in `tagged'
  vendor/ruby/2.2.0/gems/activesupport-4.2.3/lib/active_support/tagged_logging.rb:68:in `tagged'
  vendor/ruby/2.2.0/gems/railties-4.2.3/lib/rails/rack/logger.rb:20:in `call'
  vendor/ruby/2.2.0/gems/actionpack-4.2.3/lib/action_dispatch/middleware/request_id.rb:21:in `call'
  vendor/ruby/2.2.0/gems/rack-1.6.4/lib/rack/methodoverride.rb:22:in `call'
  vendor/ruby/2.2.0/gems/rack-1.6.4/lib/rack/runtime.rb:18:in `call'
  vendor/ruby/2.2.0/gems/activesupport-4.2.3/lib/active_support/cache/strategy/local_cache_middleware.rb:28:in `call'
  vendor/ruby/2.2.0/gems/rack-1.6.4/lib/rack/lock.rb:17:in `call'
  vendor/ruby/2.2.0/gems/actionpack-4.2.3/lib/action_dispatch/middleware/static.rb:116:in `call'
  vendor/ruby/2.2.0/gems/rack-1.6.4/lib/rack/sendfile.rb:113:in `call'
  vendor/ruby/2.2.0/gems/railties-4.2.3/lib/rails/engine.rb:518:in `call'
  vendor/ruby/2.2.0/gems/railties-4.2.3/lib/rails/application.rb:165:in `call'
  vendor/ruby/2.2.0/gems/rack-1.6.4/lib/rack/lock.rb:17:in `call'
  vendor/ruby/2.2.0/gems/rack-1.6.4/lib/rack/content_length.rb:15:in `call'
  vendor/ruby/2.2.0/gems/rack-1.6.4/lib/rack/handler/webrick.rb:88:in `service'
  /Users/robert.lan/.rvm/rubies/ruby-2.2.2/lib/ruby/2.2.0/webrick/httpserver.rb:138:in `service'
  /Users/robert.lan/.rvm/rubies/ruby-2.2.2/lib/ruby/2.2.0/webrick/httpserver.rb:94:in `run'
  /Users/robert.lan/.rvm/rubies/ruby-2.2.2/lib/ruby/2.2.0/webrick/server.rb:294:in `block in start_thread'


  Rendered vendor/ruby/2.2.0/gems/actionpack-4.2.3/lib/action_dispatch/middleware/templates/rescues/_trace.html.erb (1.3ms)
  Rendered vendor/ruby/2.2.0/gems/actionpack-4.2.3/lib/action_dispatch/middleware/templates/routes/_route.html.erb (0.8ms)
  Rendered vendor/ruby/2.2.0/gems/actionpack-4.2.3/lib/action_dispatch/middleware/templates/routes/_table.html.erb (0.8ms)
  Rendered vendor/ruby/2.2.0/gems/actionpack-4.2.3/lib/action_dispatch/middleware/templates/rescues/_request_and_response.html.erb (1.0ms)
  Rendered vendor/ruby/2.2.0/gems/actionpack-4.2.3/lib/action_dispatch/middleware/templates/rescues/routing_error.html.erb within rescues/layout (51.5ms)
  Rendered vendor/ruby/2.2.0/gems/web-console-2.2.1/lib/web_console/templates/_markup.html.erb (0.2ms)
  Rendered vendor/ruby/2.2.0/gems/web-console-2.2.1/lib/web_console/templates/_inner_console_markup.html.erb within layouts/inlined_string (0.2ms)
  Rendered vendor/ruby/2.2.0/gems/web-console-2.2.1/lib/web_console/templates/_prompt_box_markup.html.erb within layouts/inlined_string (0.2ms)
  Rendered vendor/ruby/2.2.0/gems/web-console-2.2.1/lib/web_console/templates/style.css.erb within layouts/inlined_string (0.4ms)
  Rendered vendor/ruby/2.2.0/gems/web-console-2.2.1/lib/web_console/templates/console.js.erb within layouts/javascript (35.1ms)
  Rendered vendor/ruby/2.2.0/gems/web-console-2.2.1/lib/web_console/templates/main.js.erb within layouts/javascript (0.2ms)
  Rendered vendor/ruby/2.2.0/gems/web-console-2.2.1/lib/web_console/templates/error_page.js.erb within layouts/javascript (0.4ms)
  Rendered vendor/ruby/2.2.0/gems/web-console-2.2.1/lib/web_console/templates/index.html.erb (80.0ms)


Started GET "/log" for ::1 at 2016-01-30 13:14:19 -0500
Processing by GamesController#new as HTML
  [1m[36mUser Load (0.1ms)[0m  [1mSELECT  "users".* FROM "users" WHERE "users"."id" = ?  ORDER BY "users"."id" ASC LIMIT 1[0m  [["id", 1]]
  Rendered games/new.html.erb within layouts/application (1.7ms)
  Rendered layouts/_header.html.erb (0.3ms)
Completed 200 OK in 46ms (Views: 33.0ms | ActiveRecord: 0.8ms)


Started GET "/assets/turbolinks.self-c37727e9bd6b2735da5c311aa83fead54ed0be6cc8bd9a65309e9c5abe2cbfff.js?body=1" for ::1 at 2016-01-30 13:14:19 -0500


Started GET "/assets/devise_bootstrap_views.self-82a7157e1d24f13e5cfd5da26beb65ce55eace25f325f0e4036d006f18f7eef0.css?body=1" for ::1 at 2016-01-30 13:14:19 -0500


Started GET "/assets/application.self-d885a0a66bd595c10edb24f8879f94e334d88be0730c4d7c7a7b57c731c09037.css?body=1" for ::1 at 2016-01-30 13:14:19 -0500


Started GET "/assets/jquery_ujs.self-d456baa54c1fa6be2ec3711f0a72ddf7a5b2f34a6b4f515f33767d6207b7d4b3.js?body=1" for ::1 at 2016-01-30 13:14:19 -0500


Started GET "/assets/jquery.self-a714331225dda820228db323939889f149aec0127aeb06255646b616ba1ca419.js?body=1" for ::1 at 2016-01-30 13:14:19 -0500


Started GET "/assets/application.self-3b8dabdc891efe46b9a144b400ad69e37d7e5876bdc39dee783419a69d7ca819.js?body=1" for ::1 at 2016-01-30 13:14:19 -0500


Started GET "/assets/log_game-2ced705c4f06bcc819ffe38708123ee516029247da36a4cb67c182fe8193a953.png" for ::1 at 2016-01-30 13:14:19 -0500
